# JRE version: OpenJDK Runtime Environment (7.0_79-b14) (build 1.7.0_79-b14)
# Java VM: OpenJDK 64-Bit Server VM (24.79-b02 mixed mode linux-amd64 compressed oops)
Heap
 PSYoungGen      total 274432K, used 12026K [0x00000000eaa80000, 0x0000000100000000, 0x0000000100000000)
  eden space 199168K, 0% used [0x00000000eaa80000,0x00000000eaa80000,0x00000000f6d00000)
  from space 75264K, 15% used [0x00000000f6d00000,0x00000000f78be9d0,0x00000000fb680000)
  to   space 73216K, 0% used [0x00000000fb880000,0x00000000fb880000,0x0000000100000000)
 ParOldGen       total 150016K, used 149684K [0x00000000c0000000, 0x00000000c9280000, 0x00000000eaa80000)
  object space 150016K, 99% used [0x00000000c0000000,0x00000000c922d1b8,0x00000000c9280000)
 PSPermGen       total 21504K, used 6482K [0x00000000b5a00000, 0x00000000b6f00000, 0x00000000c0000000)
  object space 21504K, 30% used [0x00000000b5a00000,0x00000000b60548b0,0x00000000b6f00000)
GC Heap History (10 events):
Event: 5,645 GC heap after
Heap after GC invocations=8 (full 0):
 PSYoungGen      total 270848K, used 31738K [0x00000000eaa80000, 0x00000000feb80000, 0x0000000100000000)
  eden space 239104K, 0% used [0x00000000eaa80000,0x00000000eaa80000,0x00000000f9400000)
  from space 31744K, 99% used [0x00000000fbb80000,0x00000000fda7ebf8,0x00000000fda80000)
  to   space 40448K, 0% used [0x00000000f9400000,0x00000000f9400000,0x00000000fbb80000)
 ParOldGen       total 83968K, used 37270K [0x00000000c0000000, 0x00000000c5200000, 0x00000000eaa80000)
  object space 83968K, 44% used [0x00000000c0000000,0x00000000c2465b08,0x00000000c5200000)
 PSPermGen       total 21504K, used 6404K [0x00000000b5a00000, 0x00000000b6f00000, 0x00000000c0000000)
  object space 21504K, 29% used [0x00000000b5a00000,0x00000000b6041368,0x00000000b6f00000)
}
Event: 7,343 GC heap before
{Heap before GC invocations=9 (full 0):
 PSYoungGen      total 270848K, used 270842K [0x00000000eaa80000, 0x00000000feb80000, 0x0000000100000000)
  eden space 239104K, 100% used [0x00000000eaa80000,0x00000000f9400000,0x00000000f9400000)
  from space 31744K, 99% used [0x00000000fbb80000,0x00000000fda7ebf8,0x00000000fda80000)
  to   space 40448K, 0% used [0x00000000f9400000,0x00000000f9400000,0x00000000fbb80000)
 ParOldGen       total 83968K, used 37270K [0x00000000c0000000, 0x00000000c5200000, 0x00000000eaa80000)
  object space 83968K, 44% used [0x00000000c0000000,0x00000000c2465b20,0x00000000c5200000)
 PSPermGen       total 21504K, used 6440K [0x00000000b5a00000, 0x00000000b6f00000, 0x00000000c0000000)
  object space 21504K, 29% used [0x00000000b5a00000,0x00000000b604a3a8,0x00000000b6f00000)
Event: 7,432 GC heap after
Heap after GC invocations=9 (full 0):
 PSYoungGen      total 279552K, used 40445K [0x00000000eaa80000, 0x0000000100000000, 0x0000000100000000)
  eden space 239104K, 0% used [0x00000000eaa80000,0x00000000eaa80000,0x00000000f9400000)
  from space 40448K, 99% used [0x00000000f9400000,0x00000000fbb7f798,0x00000000fbb80000)
  to   space 56832K, 0% used [0x00000000fc880000,0x00000000fc880000,0x0000000100000000)
 ParOldGen       total 83968K, used 59589K [0x00000000c0000000, 0x00000000c5200000, 0x00000000eaa80000)
  object space 83968K, 70% used [0x00000000c0000000,0x00000000c3a31748,0x00000000c5200000)
 PSPermGen       total 21504K, used 6440K [0x00000000b5a00000, 0x00000000b6f00000, 0x00000000c0000000)
  object space 21504K, 29% used [0x00000000b5a00000,0x00000000b604a3a8,0x00000000b6f00000)
}
Event: 8,166 GC heap before
{Heap before GC invocations=10 (full 0):
 PSYoungGen      total 279552K, used 279549K [0x00000000eaa80000, 0x0000000100000000, 0x0000000100000000)
  eden space 239104K, 100% used [0x00000000eaa80000,0x00000000f9400000,0x00000000f9400000)
  from space 40448K, 99% used [0x00000000f9400000,0x00000000fbb7f798,0x00000000fbb80000)
  to   space 56832K, 0% used [0x00000000fc880000,0x00000000fc880000,0x0000000100000000)
 ParOldGen       total 83968K, used 59592K [0x00000000c0000000, 0x00000000c5200000, 0x00000000eaa80000)
  object space 83968K, 70% used [0x00000000c0000000,0x00000000c3a320b0,0x00000000c5200000)
 PSPermGen       total 21504K, used 6466K [0x00000000b5a00000, 0x00000000b6f00000, 0x00000000c0000000)
  object space 21504K, 30% used [0x00000000b5a00000,0x00000000b6050a20,0x00000000b6f00000)
Event: 8,510 GC heap after
Heap after GC invocations=10 (full 0):
 PSYoungGen      total 256000K, used 56812K [0x00000000eaa80000, 0x0000000100000000, 0x0000000100000000)
  eden space 199168K, 0% used [0x00000000eaa80000,0x00000000eaa80000,0x00000000f6d00000)
  from space 56832K, 99% used [0x00000000fc880000,0x00000000ffffb168,0x0000000100000000)
  to   space 75264K, 0% used [0x00000000f6d00000,0x00000000f6d00000,0x00000000fb680000)
 ParOldGen       total 83968K, used 82838K [0x00000000c0000000, 0x00000000c5200000, 0x00000000eaa80000)
  object space 83968K, 98% used [0x00000000c0000000,0x00000000c50e58b8,0x00000000c5200000)
 PSPermGen       total 21504K, used 6466K [0x00000000b5a00000, 0x00000000b6f00000, 0x00000000c0000000)
  object space 21504K, 30% used [0x00000000b5a00000,0x00000000b6050a20,0x00000000b6f00000)
}
Event: 8,510 GC heap before
{Heap before GC invocations=11 (full 1):
 PSYoungGen      total 256000K, used 56812K [0x00000000eaa80000, 0x0000000100000000, 0x0000000100000000)
  eden space 199168K, 0% used [0x00000000eaa80000,0x00000000eaa80000,0x00000000f6d00000)
  from space 56832K, 99% used [0x00000000fc880000,0x00000000ffffb168,0x0000000100000000)
  to   space 75264K, 0% used [0x00000000f6d00000,0x00000000f6d00000,0x00000000fb680000)
 ParOldGen       total 83968K, used 82838K [0x00000000c0000000, 0x00000000c5200000, 0x00000000eaa80000)
  object space 83968K, 98% used [0x00000000c0000000,0x00000000c50e58b8,0x00000000c5200000)
 PSPermGen       total 21504K, used 6466K [0x00000000b5a00000, 0x00000000b6f00000, 0x00000000c0000000)
  object space 21504K, 30% used [0x00000000b5a00000,0x00000000b6050a20,0x00000000b6f00000)
Event: 8,986 GC heap after
Heap after GC invocations=11 (full 1):
 PSYoungGen      total 256000K, used 47763K [0x00000000eaa80000, 0x0000000100000000, 0x0000000100000000)
  eden space 199168K, 0% used [0x00000000eaa80000,0x00000000eaa80000,0x00000000f6d00000)
  from space 56832K, 84% used [0x00000000fc880000,0x00000000ff724c60,0x0000000100000000)
  to   space 75264K, 0% used [0x00000000f6d00000,0x00000000f6d00000,0x00000000fb680000)
 ParOldGen       total 150016K, used 83903K [0x00000000c0000000, 0x00000000c9280000, 0x00000000eaa80000)
  object space 150016K, 55% used [0x00000000c0000000,0x00000000c51eff38,0x00000000c9280000)
 PSPermGen       total 21504K, used 6461K [0x00000000b5a00000, 0x00000000b6f00000, 0x00000000c0000000)
  object space 21504K, 30% used [0x00000000b5a00000,0x00000000b604f670,0x00000000b6f00000)
}
Event: 9,600 GC heap before
{Heap before GC invocations=12 (full 1):
 PSYoungGen      total 256000K, used 246931K [0x00000000eaa80000, 0x0000000100000000, 0x0000000100000000)
  eden space 199168K, 100% used [0x00000000eaa80000,0x00000000f6d00000,0x00000000f6d00000)
  from space 56832K, 84% used [0x00000000fc880000,0x00000000ff724c60,0x0000000100000000)
  to   space 75264K, 0% used [0x00000000f6d00000,0x00000000f6d00000,0x00000000fb680000)
 ParOldGen       total 150016K, used 83903K [0x00000000c0000000, 0x00000000c9280000, 0x00000000eaa80000)
  object space 150016K, 55% used [0x00000000c0000000,0x00000000c51eff38,0x00000000c9280000)
 PSPermGen       total 21504K, used 6482K [0x00000000b5a00000, 0x00000000b6f00000, 0x00000000c0000000)
  object space 21504K, 30% used [0x00000000b5a00000,0x00000000b6054970,0x00000000b6f00000)
Event: 9,701 GC heap after
Heap after GC invocations=12 (full 1):
 PSYoungGen      total 274432K, used 33257K [0x00000000eaa80000, 0x0000000100000000, 0x0000000100000000)
  eden space 199168K, 0% used [0x00000000eaa80000,0x00000000eaa80000,0x00000000f6d00000)
  from space 75264K, 44% used [0x00000000f6d00000,0x00000000f8d7a6c8,0x00000000fb680000)
  to   space 73216K, 0% used [0x00000000fb880000,0x00000000fb880000,0x0000000100000000)
 ParOldGen       total 150016K, used 131899K [0x00000000c0000000, 0x00000000c9280000, 0x00000000eaa80000)
  object space 150016K, 87% used [0x00000000c0000000,0x00000000c80ceff8,0x00000000c9280000)
 PSPermGen       total 21504K, used 6482K [0x00000000b5a00000, 0x00000000b6f00000, 0x00000000c0000000)
  object space 21504K, 30% used [0x00000000b5a00000,0x00000000b6054970,0x00000000b6f00000)
}
Event: 9,701 GC heap before
{Heap before GC invocations=13 (full 2):
 PSYoungGen      total 274432K, used 33257K [0x00000000eaa80000, 0x0000000100000000, 0x0000000100000000)
  eden space 199168K, 0% used [0x00000000eaa80000,0x00000000eaa80000,0x00000000f6d00000)
  from space 75264K, 44% used [0x00000000f6d00000,0x00000000f8d7a6c8,0x00000000fb680000)
  to   space 73216K, 0% used [0x00000000fb880000,0x00000000fb880000,0x0000000100000000)
 ParOldGen       total 150016K, used 131899K [0x00000000c0000000, 0x00000000c9280000, 0x00000000eaa80000)
  object space 150016K, 87% used [0x00000000c0000000,0x00000000c80ceff8,0x00000000c9280000)
 PSPermGen       total 21504K, used 6482K [0x00000000b5a00000, 0x00000000b6f00000, 0x00000000c0000000)
  object space 21504K, 30% used [0x00000000b5a00000,0x00000000b6054970,0x00000000b6f00000)

